0 info it worked if it ends with ok
1 verbose cli [ 'node', '/usr/local/bin/npm', 'i', '-g', 'express-generator' ]
2 info using npm@1.4.16
3 info using node@v0.10.26
4 verbose node symlink /usr/local/bin/node
5 verbose cache add [ 'express-generator', null ]
6 verbose cache add name=undefined spec="express-generator" args=["express-generator",null]
7 verbose parsed url { protocol: null,
7 verbose parsed url   slashes: null,
7 verbose parsed url   auth: null,
7 verbose parsed url   host: null,
7 verbose parsed url   port: null,
7 verbose parsed url   hostname: null,
7 verbose parsed url   hash: null,
7 verbose parsed url   search: null,
7 verbose parsed url   query: null,
7 verbose parsed url   pathname: 'express-generator',
7 verbose parsed url   path: 'express-generator',
7 verbose parsed url   href: 'express-generator' }
8 silly lockFile 198a68d8-express-generator express-generator
9 verbose lock express-generator /Users/johndoe/.npm/198a68d8-express-generator.lock
10 silly lockFile 198a68d8-express-generator express-generator
11 silly lockFile 198a68d8-express-generator express-generator
12 verbose addNamed [ 'express-generator', '' ]
13 verbose addNamed [ null, '*' ]
14 silly lockFile bd41e3d3-express-generator express-generator@
15 verbose lock express-generator@ /Users/johndoe/.npm/bd41e3d3-express-generator.lock
16 silly addNameRange { name: 'express-generator', range: '*', hasData: false }
17 verbose request where is /express-generator
18 verbose request registry https://registry.npmjs.org/
19 verbose request id d284d24925f78ea7
20 verbose url raw /express-generator
21 verbose url resolving [ 'https://registry.npmjs.org/', './express-generator' ]
22 verbose url resolved https://registry.npmjs.org/express-generator
23 verbose request where is https://registry.npmjs.org/express-generator
24 info trying registry request attempt 1 at 13:35:57
25 http GET https://registry.npmjs.org/express-generator
26 http 200 https://registry.npmjs.org/express-generator
27 silly registry.get cb [ 200,
27 silly registry.get   { date: 'Tue, 23 Sep 2014 12:35:58 GMT',
27 silly registry.get     server: 'CouchDB/1.5.0 (Erlang OTP/R16B03)',
27 silly registry.get     etag: '"AY5JZP0TEVDIJCB6GXG85YSK3"',
27 silly registry.get     'content-type': 'application/json',
27 silly registry.get     'cache-control': 'max-age=60',
27 silly registry.get     'content-length': '12149',
27 silly registry.get     'accept-ranges': 'bytes',
27 silly registry.get     via: '1.1 varnish',
27 silly registry.get     age: '14024',
27 silly registry.get     'x-served-by': 'cache-lcy1121-LCY',
27 silly registry.get     'x-cache': 'HIT',
27 silly registry.get     'x-cache-hits': '1',
27 silly registry.get     'x-timer': 'S1411475757.921725,VS0,VE665',
27 silly registry.get     vary: 'Accept',
27 silly registry.get     'keep-alive': 'timeout=10, max=50',
27 silly registry.get     connection: 'Keep-Alive' } ]
28 silly addNameRange number 2 { name: 'express-generator', range: '*', hasData: true }
29 silly addNameRange versions [ 'express-generator',
29 silly addNameRange   [ '1.0.0', '3.0.0', '4.0.0', '4.2.0', '4.8.0', '4.9.0' ] ]
30 verbose addNamed [ 'express-generator', '4.9.0' ]
31 verbose addNamed [ '4.9.0', '4.9.0' ]
32 silly lockFile 0580e4a0-express-generator-4-9-0 express-generator@4.9.0
33 verbose lock express-generator@4.9.0 /Users/johndoe/.npm/0580e4a0-express-generator-4-9-0.lock
34 silly lockFile 995b2f4d-ator-express-generator-4-9-0-tgz https://registry.npmjs.org/express-generator/-/express-generator-4.9.0.tgz
35 verbose lock https://registry.npmjs.org/express-generator/-/express-generator-4.9.0.tgz /Users/johndoe/.npm/995b2f4d-ator-express-generator-4-9-0-tgz.lock
36 verbose addRemoteTarball [ 'https://registry.npmjs.org/express-generator/-/express-generator-4.9.0.tgz',
36 verbose addRemoteTarball   'f5da999d12ae4b072f6e61055633f7ad9e49fd73' ]
37 info retry fetch attempt 1 at 13:35:58
38 verbose fetch to= /var/folders/p0/55pczz0n1wzg87zw_0d2_x180000gn/T/npm-7017-iU3-gfNe/registry.npmjs.org/express-generator/-/express-generator-4.9.0.tgz
39 http GET https://registry.npmjs.org/express-generator/-/express-generator-4.9.0.tgz
40 http 200 https://registry.npmjs.org/express-generator/-/express-generator-4.9.0.tgz
41 silly lockFile 995b2f4d-ator-express-generator-4-9-0-tgz https://registry.npmjs.org/express-generator/-/express-generator-4.9.0.tgz
42 silly lockFile 995b2f4d-ator-express-generator-4-9-0-tgz https://registry.npmjs.org/express-generator/-/express-generator-4.9.0.tgz
43 silly lockFile 0580e4a0-express-generator-4-9-0 express-generator@4.9.0
44 silly lockFile 0580e4a0-express-generator-4-9-0 express-generator@4.9.0
45 silly lockFile bd41e3d3-express-generator express-generator@
46 silly lockFile bd41e3d3-express-generator express-generator@
47 silly resolved [ { name: 'express-generator',
47 silly resolved     description: 'Express\' application generator',
47 silly resolved     version: '4.9.0',
47 silly resolved     author: { name: 'TJ Holowaychuk', email: 'tj@vision-media.ca' },
47 silly resolved     contributors: [ [Object], [Object], [Object], [Object], [Object] ],
47 silly resolved     keywords:
47 silly resolved      [ 'express',
47 silly resolved        'framework',
47 silly resolved        'sinatra',
47 silly resolved        'web',
47 silly resolved        'rest',
47 silly resolved        'restful',
47 silly resolved        'router',
47 silly resolved        'app',
47 silly resolved        'api' ],
47 silly resolved     repository: { type: 'git', url: 'https://github.com/expressjs/generator' },
47 silly resolved     license: 'MIT',
47 silly resolved     dependencies: { commander: '1.3.2', mkdirp: '0.5.0' },
47 silly resolved     main: 'bin/express',
47 silly resolved     preferGlobal: true,
47 silly resolved     bin: { express: './bin/express' },
47 silly resolved     devDependencies:
47 silly resolved      { mocha: '~1.21.4',
47 silly resolved        rimraf: '~2.2.8',
47 silly resolved        should: '~4.0.4',
47 silly resolved        supertest: '~0.13.0' },
47 silly resolved     engines: { node: '>= 0.8.0' },
47 silly resolved     files: [ 'LICENSE', 'bin/', 'templates/' ],
47 silly resolved     scripts:
47 silly resolved      { test: 'mocha --reporter spec --bail --check-leaks test/',
47 silly resolved        'test-travis': 'mocha --reporter spec --bail --check-leaks test/' },
47 silly resolved     gitHead: 'd00f7fc2c9e3a1f22f740019bab64fc0f579146d',
47 silly resolved     bugs: { url: 'https://github.com/expressjs/generator/issues' },
47 silly resolved     homepage: 'https://github.com/expressjs/generator',
47 silly resolved     _id: 'express-generator@4.9.0',
47 silly resolved     _shasum: 'f5da999d12ae4b072f6e61055633f7ad9e49fd73',
47 silly resolved     _from: 'express-generator@',
47 silly resolved     _npmVersion: '1.4.21',
47 silly resolved     _npmUser: { name: 'dougwilson', email: 'doug@somethingdoug.com' },
47 silly resolved     maintainers: [ [Object], [Object], [Object], [Object], [Object], [Object] ],
47 silly resolved     dist:
47 silly resolved      { shasum: 'f5da999d12ae4b072f6e61055633f7ad9e49fd73',
47 silly resolved        tarball: 'http://registry.npmjs.org/express-generator/-/express-generator-4.9.0.tgz' },
47 silly resolved     directories: {},
47 silly resolved     _resolved: 'https://registry.npmjs.org/express-generator/-/express-generator-4.9.0.tgz' } ]
48 info install express-generator@4.9.0 into /usr/local/lib
49 info installOne express-generator@4.9.0
50 verbose lib/node_modules/express-generator unbuild
51 verbose tar unpack /Users/johndoe/.npm/express-generator/4.9.0/package.tgz
52 silly lockFile 2135fd25-b-node-modules-express-generator tar:///usr/local/lib/node_modules/express-generator
53 verbose lock tar:///usr/local/lib/node_modules/express-generator /Users/johndoe/.npm/2135fd25-b-node-modules-express-generator.lock
54 silly lockFile e2ea351a-ress-generator-4-9-0-package-tgz tar:///Users/johndoe/.npm/express-generator/4.9.0/package.tgz
55 verbose lock tar:///Users/johndoe/.npm/express-generator/4.9.0/package.tgz /Users/johndoe/.npm/e2ea351a-ress-generator-4-9-0-package-tgz.lock
56 silly gunzTarPerm modes [ '755', '644' ]
57 silly gunzTarPerm extractEntry package.json
58 silly gunzTarPerm modified mode [ 'package.json', 438, 420 ]
59 silly gunzTarPerm extractEntry README.md
60 silly gunzTarPerm modified mode [ 'README.md', 438, 420 ]
61 silly gunzTarPerm extractEntry LICENSE
62 silly gunzTarPerm modified mode [ 'LICENSE', 438, 420 ]
63 silly gunzTarPerm extractEntry bin/express
64 silly gunzTarPerm modified mode [ 'bin/express', 438, 420 ]
65 silly gunzTarPerm extractEntry templates/css/style.css
66 silly gunzTarPerm modified mode [ 'templates/css/style.css', 438, 420 ]
67 silly gunzTarPerm extractEntry templates/css/style.less
68 silly gunzTarPerm modified mode [ 'templates/css/style.less', 438, 420 ]
69 silly gunzTarPerm extractEntry templates/css/style.scss
70 silly gunzTarPerm modified mode [ 'templates/css/style.scss', 438, 420 ]
71 silly gunzTarPerm extractEntry templates/css/style.styl
72 silly gunzTarPerm modified mode [ 'templates/css/style.styl', 438, 420 ]
73 silly gunzTarPerm extractEntry templates/ejs/error.ejs
74 silly gunzTarPerm modified mode [ 'templates/ejs/error.ejs', 438, 420 ]
75 silly gunzTarPerm extractEntry templates/ejs/index.ejs
76 silly gunzTarPerm modified mode [ 'templates/ejs/index.ejs', 438, 420 ]
77 silly gunzTarPerm extractEntry templates/hbs/error.hbs
78 silly gunzTarPerm modified mode [ 'templates/hbs/error.hbs', 438, 420 ]
79 silly gunzTarPerm extractEntry templates/hbs/index.hbs
80 silly gunzTarPerm modified mode [ 'templates/hbs/index.hbs', 438, 420 ]
81 silly gunzTarPerm extractEntry templates/hbs/layout.hbs
82 silly gunzTarPerm modified mode [ 'templates/hbs/layout.hbs', 438, 420 ]
83 silly gunzTarPerm extractEntry templates/hogan/error.hjs
84 silly gunzTarPerm modified mode [ 'templates/hogan/error.hjs', 438, 420 ]
85 silly gunzTarPerm extractEntry templates/hogan/index.hjs
86 silly gunzTarPerm modified mode [ 'templates/hogan/index.hjs', 438, 420 ]
87 silly gunzTarPerm extractEntry templates/jade/error.jade
88 silly gunzTarPerm modified mode [ 'templates/jade/error.jade', 438, 420 ]
89 silly gunzTarPerm extractEntry templates/jade/index.jade
90 silly gunzTarPerm modified mode [ 'templates/jade/index.jade', 438, 420 ]
91 silly gunzTarPerm extractEntry templates/jade/layout.jade
92 silly gunzTarPerm modified mode [ 'templates/jade/layout.jade', 438, 420 ]
93 silly gunzTarPerm extractEntry templates/js/app.js
94 silly gunzTarPerm modified mode [ 'templates/js/app.js', 438, 420 ]
95 silly gunzTarPerm extractEntry templates/js/routes/index.js
96 silly gunzTarPerm modified mode [ 'templates/js/routes/index.js', 438, 420 ]
97 silly gunzTarPerm extractEntry templates/js/routes/users.js
98 silly gunzTarPerm modified mode [ 'templates/js/routes/users.js', 438, 420 ]
99 silly gunzTarPerm extractEntry templates/js/www
100 silly gunzTarPerm modified mode [ 'templates/js/www', 438, 420 ]
101 silly lockFile 2135fd25-b-node-modules-express-generator tar:///usr/local/lib/node_modules/express-generator
102 silly lockFile 2135fd25-b-node-modules-express-generator tar:///usr/local/lib/node_modules/express-generator
103 silly lockFile e2ea351a-ress-generator-4-9-0-package-tgz tar:///Users/johndoe/.npm/express-generator/4.9.0/package.tgz
104 silly lockFile e2ea351a-ress-generator-4-9-0-package-tgz tar:///Users/johndoe/.npm/express-generator/4.9.0/package.tgz
105 info preinstall express-generator@4.9.0
106 verbose readDependencies using package.json deps
107 verbose readDependencies using package.json deps
108 verbose cache add [ 'commander@1.3.2', null ]
109 verbose cache add name=undefined spec="commander@1.3.2" args=["commander@1.3.2",null]
110 verbose parsed url { protocol: null,
110 verbose parsed url   slashes: null,
110 verbose parsed url   auth: null,
110 verbose parsed url   host: null,
110 verbose parsed url   port: null,
110 verbose parsed url   hostname: null,
110 verbose parsed url   hash: null,
110 verbose parsed url   search: null,
110 verbose parsed url   query: null,
110 verbose parsed url   pathname: 'commander@1.3.2',
110 verbose parsed url   path: 'commander@1.3.2',
110 verbose parsed url   href: 'commander@1.3.2' }
111 verbose cache add [ 'mkdirp@0.5.0', null ]
112 verbose cache add name=undefined spec="mkdirp@0.5.0" args=["mkdirp@0.5.0",null]
113 verbose parsed url { protocol: null,
113 verbose parsed url   slashes: null,
113 verbose parsed url   auth: null,
113 verbose parsed url   host: null,
113 verbose parsed url   port: null,
113 verbose parsed url   hostname: null,
113 verbose parsed url   hash: null,
113 verbose parsed url   search: null,
113 verbose parsed url   query: null,
113 verbose parsed url   pathname: 'mkdirp@0.5.0',
113 verbose parsed url   path: 'mkdirp@0.5.0',
113 verbose parsed url   href: 'mkdirp@0.5.0' }
114 verbose cache add name="commander" spec="1.3.2" args=["commander","1.3.2"]
115 verbose parsed url { protocol: null,
115 verbose parsed url   slashes: null,
115 verbose parsed url   auth: null,
115 verbose parsed url   host: null,
115 verbose parsed url   port: null,
115 verbose parsed url   hostname: null,
115 verbose parsed url   hash: null,
115 verbose parsed url   search: null,
115 verbose parsed url   query: null,
115 verbose parsed url   pathname: '1.3.2',
115 verbose parsed url   path: '1.3.2',
115 verbose parsed url   href: '1.3.2' }
116 verbose addNamed [ 'commander', '1.3.2' ]
117 verbose addNamed [ '1.3.2', '1.3.2' ]
118 silly lockFile 2016e061-commander-1-3-2 commander@1.3.2
119 verbose lock commander@1.3.2 /Users/johndoe/.npm/2016e061-commander-1-3-2.lock
120 verbose cache add name="mkdirp" spec="0.5.0" args=["mkdirp","0.5.0"]
121 verbose parsed url { protocol: null,
121 verbose parsed url   slashes: null,
121 verbose parsed url   auth: null,
121 verbose parsed url   host: null,
121 verbose parsed url   port: null,
121 verbose parsed url   hostname: null,
121 verbose parsed url   hash: null,
121 verbose parsed url   search: null,
121 verbose parsed url   query: null,
121 verbose parsed url   pathname: '0.5.0',
121 verbose parsed url   path: '0.5.0',
121 verbose parsed url   href: '0.5.0' }
122 verbose addNamed [ 'mkdirp', '0.5.0' ]
123 verbose addNamed [ '0.5.0', '0.5.0' ]
124 silly lockFile bf9ae38d-mkdirp-0-5-0 mkdirp@0.5.0
125 verbose lock mkdirp@0.5.0 /Users/johndoe/.npm/bf9ae38d-mkdirp-0-5-0.lock
126 verbose request where is /commander
127 verbose request registry https://registry.npmjs.org/
128 verbose url raw /commander
129 verbose url resolving [ 'https://registry.npmjs.org/', './commander' ]
130 verbose url resolved https://registry.npmjs.org/commander
131 verbose request where is https://registry.npmjs.org/commander
132 info trying registry request attempt 1 at 13:35:58
133 verbose etag "43Y6RDY0Q8HMXBU41UWKO5GGY"
134 http GET https://registry.npmjs.org/commander
135 verbose request where is /mkdirp
136 verbose request registry https://registry.npmjs.org/
137 verbose url raw /mkdirp
138 verbose url resolving [ 'https://registry.npmjs.org/', './mkdirp' ]
139 verbose url resolved https://registry.npmjs.org/mkdirp
140 verbose request where is https://registry.npmjs.org/mkdirp
141 info trying registry request attempt 1 at 13:35:58
142 verbose etag "EOPTJ0J36LYXZXUCFC4K7PMWN"
143 http GET https://registry.npmjs.org/mkdirp
144 http 304 https://registry.npmjs.org/commander
145 silly registry.get cb [ 304,
145 silly registry.get   { date: 'Tue, 23 Sep 2014 12:35:58 GMT',
145 silly registry.get     server: 'Apache',
145 silly registry.get     via: '1.1 varnish',
145 silly registry.get     'last-modified': 'Tue, 23 Sep 2014 12:35:58 GMT',
145 silly registry.get     'cache-control': 'max-age=60',
145 silly registry.get     etag: '"43Y6RDY0Q8HMXBU41UWKO5GGY"',
145 silly registry.get     'x-served-by': 'cache-lcy1130-LCY',
145 silly registry.get     'x-cache': 'HIT',
145 silly registry.get     'x-cache-hits': '1',
145 silly registry.get     'x-timer': 'S1411475758.778246,VS0,VE0',
145 silly registry.get     vary: 'Accept',
145 silly registry.get     'content-length': '0',
145 silly registry.get     'keep-alive': 'timeout=10, max=50',
145 silly registry.get     connection: 'Keep-Alive' } ]
146 verbose etag https://registry.npmjs.org/commander from cache
147 http 304 https://registry.npmjs.org/mkdirp
148 silly registry.get cb [ 304,
148 silly registry.get   { date: 'Tue, 23 Sep 2014 12:35:58 GMT',
148 silly registry.get     server: 'Apache',
148 silly registry.get     via: '1.1 varnish',
148 silly registry.get     'last-modified': 'Tue, 23 Sep 2014 12:35:39 GMT',
148 silly registry.get     'cache-control': 'max-age=60',
148 silly registry.get     etag: '"EOPTJ0J36LYXZXUCFC4K7PMWN"',
148 silly registry.get     'x-served-by': 'cache-lcy1129-LCY',
148 silly registry.get     'x-cache': 'HIT',
148 silly registry.get     'x-cache-hits': '7',
148 silly registry.get     'x-timer': 'S1411475758.781237,VS0,VE0',
148 silly registry.get     vary: 'Accept',
148 silly registry.get     'content-length': '0',
148 silly registry.get     'keep-alive': 'timeout=10, max=50',
148 silly registry.get     connection: 'Keep-Alive' } ]
149 verbose etag https://registry.npmjs.org/mkdirp from cache
150 silly lockFile 2016e061-commander-1-3-2 commander@1.3.2
151 silly lockFile 2016e061-commander-1-3-2 commander@1.3.2
152 silly lockFile bf9ae38d-mkdirp-0-5-0 mkdirp@0.5.0
153 silly lockFile bf9ae38d-mkdirp-0-5-0 mkdirp@0.5.0
154 silly resolved [ { name: 'commander',
154 silly resolved     version: '1.3.2',
154 silly resolved     description: 'the complete solution for node.js command-line programs',
154 silly resolved     keywords: [ 'command', 'option', 'parser', 'prompt', 'stdin' ],
154 silly resolved     author: { name: 'TJ Holowaychuk', email: 'tj@vision-media.ca' },
154 silly resolved     repository:
154 silly resolved      { type: 'git',
154 silly resolved        url: 'https://github.com/visionmedia/commander.js.git' },
154 silly resolved     dependencies: { keypress: '0.1.x' },
154 silly resolved     devDependencies: { should: '>= 0.0.1' },
154 silly resolved     scripts: { test: 'make test' },
154 silly resolved     main: 'index',
154 silly resolved     engines: { node: '>= 0.6.x' },
154 silly resolved     bugs: { url: 'https://github.com/visionmedia/commander.js/issues' },
154 silly resolved     _id: 'commander@1.3.2',
154 silly resolved     dist:
154 silly resolved      { shasum: '8a8f30ec670a6fdd64af52f1914b907d79ead5b5',
154 silly resolved        tarball: 'http://registry.npmjs.org/commander/-/commander-1.3.2.tgz' },
154 silly resolved     _from: 'commander@1.3.2',
154 silly resolved     _npmVersion: '1.2.30',
154 silly resolved     _npmUser: { name: 'tjholowaychuk', email: 'tj@vision-media.ca' },
154 silly resolved     maintainers: [ [Object] ],
154 silly resolved     directories: {},
154 silly resolved     _shasum: '8a8f30ec670a6fdd64af52f1914b907d79ead5b5',
154 silly resolved     _resolved: 'https://registry.npmjs.org/commander/-/commander-1.3.2.tgz',
154 silly resolved     readme: 'ERROR: No README data found!',
154 silly resolved     homepage: 'https://github.com/visionmedia/commander.js' },
154 silly resolved   { name: 'mkdirp',
154 silly resolved     description: 'Recursively mkdir, like `mkdir -p`',
154 silly resolved     version: '0.5.0',
154 silly resolved     author:
154 silly resolved      { name: 'James Halliday',
154 silly resolved        email: 'mail@substack.net',
154 silly resolved        url: 'http://substack.net' },
154 silly resolved     main: './index',
154 silly resolved     keywords: [ 'mkdir', 'directory' ],
154 silly resolved     repository:
154 silly resolved      { type: 'git',
154 silly resolved        url: 'https://github.com/substack/node-mkdirp.git' },
154 silly resolved     scripts: { test: 'tap test/*.js' },
154 silly resolved     dependencies: { minimist: '0.0.8' },
154 silly resolved     devDependencies: { tap: '~0.4.0', 'mock-fs': '~2.2.0' },
154 silly resolved     bin: { mkdirp: 'bin/cmd.js' },
154 silly resolved     license: 'MIT',
154 silly resolved     bugs: { url: 'https://github.com/substack/node-mkdirp/issues' },
154 silly resolved     homepage: 'https://github.com/substack/node-mkdirp',
154 silly resolved     _id: 'mkdirp@0.5.0',
154 silly resolved     dist:
154 silly resolved      { shasum: '1d73076a6df986cd9344e15e71fcc05a4c9abf12',
154 silly resolved        tarball: 'http://registry.npmjs.org/mkdirp/-/mkdirp-0.5.0.tgz' },
154 silly resolved     _from: 'mkdirp@0.5.0',
154 silly resolved     _npmVersion: '1.4.3',
154 silly resolved     _npmUser: { name: 'substack', email: 'mail@substack.net' },
154 silly resolved     maintainers: [ [Object] ],
154 silly resolved     directories: {},
154 silly resolved     _shasum: '1d73076a6df986cd9344e15e71fcc05a4c9abf12',
154 silly resolved     _resolved: 'https://registry.npmjs.org/mkdirp/-/mkdirp-0.5.0.tgz',
154 silly resolved     readme: 'ERROR: No README data found!' } ]
155 info install commander@1.3.2 into /usr/local/lib/node_modules/express-generator
156 info install mkdirp@0.5.0 into /usr/local/lib/node_modules/express-generator
157 info installOne commander@1.3.2
158 info installOne mkdirp@0.5.0
159 verbose lib/node_modules/express-generator/node_modules/commander unbuild
160 verbose lib/node_modules/express-generator/node_modules/mkdirp unbuild
161 verbose tar unpack /Users/johndoe/.npm/commander/1.3.2/package.tgz
162 silly lockFile 4e8cd737-generator-node-modules-commander tar:///usr/local/lib/node_modules/express-generator/node_modules/commander
163 verbose lock tar:///usr/local/lib/node_modules/express-generator/node_modules/commander /Users/johndoe/.npm/4e8cd737-generator-node-modules-commander.lock
164 silly lockFile dd44b02c--npm-commander-1-3-2-package-tgz tar:///Users/johndoe/.npm/commander/1.3.2/package.tgz
165 verbose lock tar:///Users/johndoe/.npm/commander/1.3.2/package.tgz /Users/johndoe/.npm/dd44b02c--npm-commander-1-3-2-package-tgz.lock
166 verbose tar unpack /Users/johndoe/.npm/mkdirp/0.5.0/package.tgz
167 silly lockFile 0bdec806-ss-generator-node-modules-mkdirp tar:///usr/local/lib/node_modules/express-generator/node_modules/mkdirp
168 verbose lock tar:///usr/local/lib/node_modules/express-generator/node_modules/mkdirp /Users/johndoe/.npm/0bdec806-ss-generator-node-modules-mkdirp.lock
169 silly lockFile df26b587-doe-npm-mkdirp-0-5-0-package-tgz tar:///Users/johndoe/.npm/mkdirp/0.5.0/package.tgz
170 verbose lock tar:///Users/johndoe/.npm/mkdirp/0.5.0/package.tgz /Users/johndoe/.npm/df26b587-doe-npm-mkdirp-0-5-0-package-tgz.lock
171 silly gunzTarPerm modes [ '755', '644' ]
172 silly gunzTarPerm modes [ '755', '644' ]
173 silly gunzTarPerm extractEntry package.json
174 silly gunzTarPerm extractEntry package.json
175 silly gunzTarPerm extractEntry .npmignore
176 silly gunzTarPerm extractEntry LICENSE
177 silly gunzTarPerm extractEntry index.js
178 silly gunzTarPerm extractEntry History.md
179 silly gunzTarPerm extractEntry Readme.md
180 silly gunzTarPerm extractEntry index.js
181 silly gunzTarPerm extractEntry .travis.yml
182 silly gunzTarPerm extractEntry bin/cmd.js
183 silly gunzTarPerm extractEntry bin/usage.txt
184 silly gunzTarPerm extractEntry examples/pow.js
185 silly gunzTarPerm extractEntry readme.markdown
186 silly gunzTarPerm extractEntry test/chmod.js
187 silly gunzTarPerm extractEntry test/opts_fs_sync.js
188 silly gunzTarPerm extractEntry test/perm.js
189 silly gunzTarPerm extractEntry test/perm_sync.js
190 silly gunzTarPerm extractEntry test/opts_fs.js
191 silly gunzTarPerm extractEntry test/rel.js
192 silly gunzTarPerm extractEntry test/return.js
193 silly gunzTarPerm extractEntry test/return_sync.js
194 silly gunzTarPerm extractEntry test/root.js
195 silly gunzTarPerm extractEntry test/sync.js
196 silly gunzTarPerm extractEntry test/mkdirp.js
197 silly gunzTarPerm extractEntry test/umask.js
198 silly gunzTarPerm extractEntry test/clobber.js
199 silly gunzTarPerm extractEntry test/umask_sync.js
200 silly gunzTarPerm extractEntry test/race.js
201 silly lockFile 4e8cd737-generator-node-modules-commander tar:///usr/local/lib/node_modules/express-generator/node_modules/commander
202 silly lockFile 4e8cd737-generator-node-modules-commander tar:///usr/local/lib/node_modules/express-generator/node_modules/commander
203 silly lockFile dd44b02c--npm-commander-1-3-2-package-tgz tar:///Users/johndoe/.npm/commander/1.3.2/package.tgz
204 silly lockFile dd44b02c--npm-commander-1-3-2-package-tgz tar:///Users/johndoe/.npm/commander/1.3.2/package.tgz
205 info preinstall commander@1.3.2
206 verbose readDependencies using package.json deps
207 verbose readDependencies using package.json deps
208 verbose cache add [ 'keypress@0.1.x', null ]
209 verbose cache add name=undefined spec="keypress@0.1.x" args=["keypress@0.1.x",null]
210 verbose parsed url { protocol: null,
210 verbose parsed url   slashes: null,
210 verbose parsed url   auth: null,
210 verbose parsed url   host: null,
210 verbose parsed url   port: null,
210 verbose parsed url   hostname: null,
210 verbose parsed url   hash: null,
210 verbose parsed url   search: null,
210 verbose parsed url   query: null,
210 verbose parsed url   pathname: 'keypress@0.1.x',
210 verbose parsed url   path: 'keypress@0.1.x',
210 verbose parsed url   href: 'keypress@0.1.x' }
211 verbose cache add name="keypress" spec="0.1.x" args=["keypress","0.1.x"]
212 verbose parsed url { protocol: null,
212 verbose parsed url   slashes: null,
212 verbose parsed url   auth: null,
212 verbose parsed url   host: null,
212 verbose parsed url   port: null,
212 verbose parsed url   hostname: null,
212 verbose parsed url   hash: null,
212 verbose parsed url   search: null,
212 verbose parsed url   query: null,
212 verbose parsed url   pathname: '0.1.x',
212 verbose parsed url   path: '0.1.x',
212 verbose parsed url   href: '0.1.x' }
213 verbose addNamed [ 'keypress', '0.1.x' ]
214 verbose addNamed [ null, '>=0.1.0-0 <0.2.0-0' ]
215 silly lockFile a3a73622-keypress-0-1-x keypress@0.1.x
216 verbose lock keypress@0.1.x /Users/johndoe/.npm/a3a73622-keypress-0-1-x.lock
217 silly addNameRange { name: 'keypress', range: '>=0.1.0-0 <0.2.0-0', hasData: false }
218 verbose request where is /keypress
219 verbose request registry https://registry.npmjs.org/
220 verbose url raw /keypress
221 verbose url resolving [ 'https://registry.npmjs.org/', './keypress' ]
222 verbose url resolved https://registry.npmjs.org/keypress
223 verbose request where is https://registry.npmjs.org/keypress
224 info trying registry request attempt 1 at 13:35:58
225 verbose etag "3LFN5V2RGNVMC27PN2RWVQQHR"
226 http GET https://registry.npmjs.org/keypress
227 silly lockFile 0bdec806-ss-generator-node-modules-mkdirp tar:///usr/local/lib/node_modules/express-generator/node_modules/mkdirp
228 silly lockFile 0bdec806-ss-generator-node-modules-mkdirp tar:///usr/local/lib/node_modules/express-generator/node_modules/mkdirp
229 silly lockFile df26b587-doe-npm-mkdirp-0-5-0-package-tgz tar:///Users/johndoe/.npm/mkdirp/0.5.0/package.tgz
230 silly lockFile df26b587-doe-npm-mkdirp-0-5-0-package-tgz tar:///Users/johndoe/.npm/mkdirp/0.5.0/package.tgz
231 info preinstall mkdirp@0.5.0
232 verbose readDependencies using package.json deps
233 verbose readDependencies using package.json deps
234 verbose cache add [ 'minimist@0.0.8', null ]
235 verbose cache add name=undefined spec="minimist@0.0.8" args=["minimist@0.0.8",null]
236 verbose parsed url { protocol: null,
236 verbose parsed url   slashes: null,
236 verbose parsed url   auth: null,
236 verbose parsed url   host: null,
236 verbose parsed url   port: null,
236 verbose parsed url   hostname: null,
236 verbose parsed url   hash: null,
236 verbose parsed url   search: null,
236 verbose parsed url   query: null,
236 verbose parsed url   pathname: 'minimist@0.0.8',
236 verbose parsed url   path: 'minimist@0.0.8',
236 verbose parsed url   href: 'minimist@0.0.8' }
237 verbose cache add name="minimist" spec="0.0.8" args=["minimist","0.0.8"]
238 verbose parsed url { protocol: null,
238 verbose parsed url   slashes: null,
238 verbose parsed url   auth: null,
238 verbose parsed url   host: null,
238 verbose parsed url   port: null,
238 verbose parsed url   hostname: null,
238 verbose parsed url   hash: null,
238 verbose parsed url   search: null,
238 verbose parsed url   query: null,
238 verbose parsed url   pathname: '0.0.8',
238 verbose parsed url   path: '0.0.8',
238 verbose parsed url   href: '0.0.8' }
239 verbose addNamed [ 'minimist', '0.0.8' ]
240 verbose addNamed [ '0.0.8', '0.0.8' ]
241 silly lockFile 22c6b485-minimist-0-0-8 minimist@0.0.8
242 verbose lock minimist@0.0.8 /Users/johndoe/.npm/22c6b485-minimist-0-0-8.lock
243 verbose request where is /minimist
244 verbose request registry https://registry.npmjs.org/
245 verbose url raw /minimist
246 verbose url resolving [ 'https://registry.npmjs.org/', './minimist' ]
247 verbose url resolved https://registry.npmjs.org/minimist
248 verbose request where is https://registry.npmjs.org/minimist
249 info trying registry request attempt 1 at 13:35:58
250 verbose etag "CDNFCD7BWQOPO3EDCEWTKMBUK"
251 http GET https://registry.npmjs.org/minimist
252 http 200 https://registry.npmjs.org/keypress
253 silly registry.get cb [ 200,
253 silly registry.get   { date: 'Tue, 23 Sep 2014 12:35:58 GMT',
253 silly registry.get     server: 'CouchDB/1.5.0 (Erlang OTP/R16B03)',
253 silly registry.get     etag: '"78R85INRPXO4JUESCSUN5E230"',
253 silly registry.get     'content-type': 'application/json',
253 silly registry.get     'cache-control': 'max-age=60',
253 silly registry.get     'content-length': '22529',
253 silly registry.get     'accept-ranges': 'bytes',
253 silly registry.get     via: '1.1 varnish',
253 silly registry.get     age: '1191',
253 silly registry.get     'x-served-by': 'cache-lcy1133-LCY',
253 silly registry.get     'x-cache': 'HIT',
253 silly registry.get     'x-cache-hits': '137',
253 silly registry.get     'x-timer': 'S1411475758.873972,VS0,VE0',
253 silly registry.get     vary: 'Accept',
253 silly registry.get     'keep-alive': 'timeout=10, max=50',
253 silly registry.get     connection: 'Keep-Alive' } ]
254 silly addNameRange number 2 { name: 'keypress', range: '>=0.1.0-0 <0.2.0-0', hasData: true }
255 silly addNameRange versions [ 'keypress', [ '0.0.1', '0.0.2', '0.1.0', '0.2.0', '0.2.1' ] ]
256 verbose addNamed [ 'keypress', '0.1.0' ]
257 verbose addNamed [ '0.1.0', '0.1.0' ]
258 silly lockFile 22598b8c-keypress-0-1-0 keypress@0.1.0
259 verbose lock keypress@0.1.0 /Users/johndoe/.npm/22598b8c-keypress-0-1-0.lock
260 silly lockFile 22598b8c-keypress-0-1-0 keypress@0.1.0
261 silly lockFile 22598b8c-keypress-0-1-0 keypress@0.1.0
262 silly lockFile a3a73622-keypress-0-1-x keypress@0.1.x
263 silly lockFile a3a73622-keypress-0-1-x keypress@0.1.x
264 silly resolved [ { name: 'keypress',
264 silly resolved     version: '0.1.0',
264 silly resolved     description: 'Make any Node ReadableStream emit "keypress" events',
264 silly resolved     author:
264 silly resolved      { name: 'Nathan Rajlich',
264 silly resolved        email: 'nathan@tootallnate.net',
264 silly resolved        url: 'http://tootallnate.net' },
264 silly resolved     main: 'index.js',
264 silly resolved     scripts: { test: 'echo "Error: no test specified" && exit 1' },
264 silly resolved     repository:
264 silly resolved      { type: 'git',
264 silly resolved        url: 'git://github.com/TooTallNate/keypress.git' },
264 silly resolved     keywords: [ 'keypress', 'readline', 'core' ],
264 silly resolved     license: 'MIT',
264 silly resolved     readme: 'keypress\n========\n### Make any Node ReadableStream emit "keypress" events\n\n\nPrevious to Node `v0.8.x`, there was an undocumented `"keypress"` event that\n`process.stdin` would emit when it was a TTY. Some people discovered this hidden\ngem, and started using it in their own code.\n\nNow in Node `v0.8.x`, this `"keypress"` event does not get emitted by default,\nbut rather only when it is being used in conjuction with the `readline` (or by\nextension, the `repl`) module.\n\nThis module is the exact logic from the node `v0.8.x` releases ripped out into its\nown module.\n\n__Bonus:__ Now with mouse support!\n\nInstallation\n------------\n\nInstall with `npm`:\n\n``` bash\n$ npm install keypress\n```\n\nOr add it to the `"dependencies"` section of your _package.json_ file.\n\n\nExample\n-------\n\n#### Listening for "keypress" events\n\n``` js\nvar keypress = require(\'keypress\');\n\n// make `process.stdin` begin emitting "keypress" events\nkeypress(process.stdin);\n\n// listen for the "keypress" event\nprocess.stdin.on(\'keypress\', function (ch, key) {\n  console.log(\'got "keypress"\', key);\n  if (key && key.ctrl && key.name == \'c\') {\n    process.stdin.pause();\n  }\n});\n\nprocess.stdin.setRawMode(true);\nprocess.stdin.resume();\n```\n\n#### Listening for "mousepress" events\n\n``` js\nvar keypress = require(\'keypress\');\n\n// make `process.stdin` begin emitting "mousepress" (and "keypress") events\nkeypress(process.stdin);\n\n// you must enable the mouse events before they will begin firing\nkeypress.enableMouse(process.stdout);\n\nprocess.stdin.on(\'mousepress\', function (info) {\n  console.log(\'got "mousepress" event at %d x %d\', info.x, info.y);\n});\n\nprocess.on(\'exit\', function () {\n  // disable mouse on exit, so that the state\n  // is back to normal for the terminal\n  keypress.disableMouse(process.stdout);\n});\n```\n\n\nLicense\n-------\n\n(The MIT License)\n\nCopyright (c) 2012 Nathan Rajlich &lt;nathan@tootallnate.net&gt;\n\nPermission is hereby granted, free of charge, to any person obtaining\na copy of this software and associated documentation files (the\n\'Software\'), to deal in the Software without restriction, including\nwithout limitation the rights to use, copy, modify, merge, publish,\ndistribute, sublicense, and/or sell copies of the Software, and to\npermit persons to whom the Software is furnished to do so, subject to\nthe following conditions:\n\nThe above copyright notice and this permission notice shall be\nincluded in all copies or substantial portions of the Software.\n\nTHE SOFTWARE IS PROVIDED \'AS IS\', WITHOUT WARRANTY OF ANY KIND,\nEXPRESS OR IMPLIED, INCLUDING BUT NOT LIMITED TO THE WARRANTIES OF\nMERCHANTABILITY, FITNESS FOR A PARTICULAR PURPOSE AND NONINFRINGEMENT.\nIN NO EVENT SHALL THE AUTHORS OR COPYRIGHT HOLDERS BE LIABLE FOR ANY\nCLAIM, DAMAGES OR OTHER LIABILITY, WHETHER IN AN ACTION OF CONTRACT,\nTORT OR OTHERWISE, ARISING FROM, OUT OF OR IN CONNECTION WITH THE\nSOFTWARE OR THE USE OR OTHER DEALINGS IN THE SOFTWARE.\n',
264 silly resolved     _id: 'keypress@0.1.0',
264 silly resolved     dist:
264 silly resolved      { shasum: '4a3188d4291b66b4f65edb99f806aa9ae293592a',
264 silly resolved        tarball: 'http://registry.npmjs.org/keypress/-/keypress-0.1.0.tgz' },
264 silly resolved     maintainers: [ [Object] ],
264 silly resolved     directories: {},
264 silly resolved     _shasum: '4a3188d4291b66b4f65edb99f806aa9ae293592a',
264 silly resolved     _from: 'keypress@0.1.x',
264 silly resolved     _resolved: 'https://registry.npmjs.org/keypress/-/keypress-0.1.0.tgz',
264 silly resolved     bugs: { url: 'https://github.com/TooTallNate/keypress/issues' },
264 silly resolved     homepage: 'https://github.com/TooTallNate/keypress' } ]
265 info install keypress@0.1.0 into /usr/local/lib/node_modules/express-generator/node_modules/commander
266 info installOne keypress@0.1.0
267 http 304 https://registry.npmjs.org/minimist
268 silly registry.get cb [ 304,
268 silly registry.get   { date: 'Tue, 23 Sep 2014 12:35:58 GMT',
268 silly registry.get     server: 'Apache',
268 silly registry.get     via: '1.1 varnish',
268 silly registry.get     'last-modified': 'Tue, 23 Sep 2014 11:46:26 GMT',
268 silly registry.get     'cache-control': 'max-age=60',
268 silly registry.get     etag: '"CDNFCD7BWQOPO3EDCEWTKMBUK"',
268 silly registry.get     'x-served-by': 'cache-lcy1127-LCY',
268 silly registry.get     'x-cache': 'HIT',
268 silly registry.get     'x-cache-hits': '808',
268 silly registry.get     'x-timer': 'S1411475758.903952,VS0,VE0',
268 silly registry.get     vary: 'Accept',
268 silly registry.get     'content-length': '0',
268 silly registry.get     'keep-alive': 'timeout=10, max=50',
268 silly registry.get     connection: 'Keep-Alive' } ]
269 verbose etag https://registry.npmjs.org/minimist from cache
270 verbose lib/node_modules/express-generator/node_modules/commander/node_modules/keypress unbuild
271 verbose tar unpack /Users/johndoe/.npm/keypress/0.1.0/package.tgz
272 silly lockFile a7c9bd34--commander-node-modules-keypress tar:///usr/local/lib/node_modules/express-generator/node_modules/commander/node_modules/keypress
273 verbose lock tar:///usr/local/lib/node_modules/express-generator/node_modules/commander/node_modules/keypress /Users/johndoe/.npm/a7c9bd34--commander-node-modules-keypress.lock
274 silly lockFile 11d15255-e-npm-keypress-0-1-0-package-tgz tar:///Users/johndoe/.npm/keypress/0.1.0/package.tgz
275 verbose lock tar:///Users/johndoe/.npm/keypress/0.1.0/package.tgz /Users/johndoe/.npm/11d15255-e-npm-keypress-0-1-0-package-tgz.lock
276 silly gunzTarPerm modes [ '755', '644' ]
277 silly gunzTarPerm extractEntry package.json
278 silly gunzTarPerm extractEntry README.md
279 silly gunzTarPerm extractEntry index.js
280 silly lockFile 22c6b485-minimist-0-0-8 minimist@0.0.8
281 silly lockFile 22c6b485-minimist-0-0-8 minimist@0.0.8
282 silly gunzTarPerm extractEntry test.js
283 silly resolved [ { name: 'minimist',
283 silly resolved     version: '0.0.8',
283 silly resolved     description: 'parse argument options',
283 silly resolved     main: 'index.js',
283 silly resolved     devDependencies: { tape: '~1.0.4', tap: '~0.4.0' },
283 silly resolved     scripts: { test: 'tap test/*.js' },
283 silly resolved     testling: { files: 'test/*.js', browsers: [Object] },
283 silly resolved     repository: { type: 'git', url: 'git://github.com/substack/minimist.git' },
283 silly resolved     homepage: 'https://github.com/substack/minimist',
283 silly resolved     keywords: [ 'argv', 'getopt', 'parser', 'optimist' ],
283 silly resolved     author:
283 silly resolved      { name: 'James Halliday',
283 silly resolved        email: 'mail@substack.net',
283 silly resolved        url: 'http://substack.net' },
283 silly resolved     license: 'MIT',
283 silly resolved     bugs: { url: 'https://github.com/substack/minimist/issues' },
283 silly resolved     _id: 'minimist@0.0.8',
283 silly resolved     dist:
283 silly resolved      { shasum: '857fcabfc3397d2625b8228262e86aa7a011b05d',
283 silly resolved        tarball: 'http://registry.npmjs.org/minimist/-/minimist-0.0.8.tgz' },
283 silly resolved     _from: 'minimist@0.0.8',
283 silly resolved     _npmVersion: '1.4.3',
283 silly resolved     _npmUser: { name: 'substack', email: 'mail@substack.net' },
283 silly resolved     maintainers: [ [Object] ],
283 silly resolved     directories: {},
283 silly resolved     _shasum: '857fcabfc3397d2625b8228262e86aa7a011b05d',
283 silly resolved     _resolved: 'https://registry.npmjs.org/minimist/-/minimist-0.0.8.tgz',
283 silly resolved     readme: 'ERROR: No README data found!' } ]
284 info install minimist@0.0.8 into /usr/local/lib/node_modules/express-generator/node_modules/mkdirp
285 info installOne minimist@0.0.8
286 verbose lib/node_modules/express-generator/node_modules/mkdirp/node_modules/minimist unbuild
287 verbose tar unpack /Users/johndoe/.npm/minimist/0.0.8/package.tgz
288 silly lockFile deaebf17-les-mkdirp-node-modules-minimist tar:///usr/local/lib/node_modules/express-generator/node_modules/mkdirp/node_modules/minimist
289 verbose lock tar:///usr/local/lib/node_modules/express-generator/node_modules/mkdirp/node_modules/minimist /Users/johndoe/.npm/deaebf17-les-mkdirp-node-modules-minimist.lock
290 silly lockFile 91388deb-e-npm-minimist-0-0-8-package-tgz tar:///Users/johndoe/.npm/minimist/0.0.8/package.tgz
291 verbose lock tar:///Users/johndoe/.npm/minimist/0.0.8/package.tgz /Users/johndoe/.npm/91388deb-e-npm-minimist-0-0-8-package-tgz.lock
292 silly gunzTarPerm modes [ '755', '644' ]
293 silly gunzTarPerm extractEntry package.json
294 silly gunzTarPerm extractEntry LICENSE
295 silly gunzTarPerm extractEntry index.js
296 silly gunzTarPerm extractEntry .travis.yml
297 silly gunzTarPerm extractEntry example/parse.js
298 silly gunzTarPerm extractEntry readme.markdown
299 silly gunzTarPerm extractEntry test/dash.js
300 silly lockFile a7c9bd34--commander-node-modules-keypress tar:///usr/local/lib/node_modules/express-generator/node_modules/commander/node_modules/keypress
301 silly lockFile a7c9bd34--commander-node-modules-keypress tar:///usr/local/lib/node_modules/express-generator/node_modules/commander/node_modules/keypress
302 silly lockFile 11d15255-e-npm-keypress-0-1-0-package-tgz tar:///Users/johndoe/.npm/keypress/0.1.0/package.tgz
303 silly lockFile 11d15255-e-npm-keypress-0-1-0-package-tgz tar:///Users/johndoe/.npm/keypress/0.1.0/package.tgz
304 info preinstall keypress@0.1.0
305 verbose readDependencies using package.json deps
306 verbose readDependencies using package.json deps
307 silly resolved []
308 verbose about to build /usr/local/lib/node_modules/express-generator/node_modules/commander/node_modules/keypress
309 info build /usr/local/lib/node_modules/express-generator/node_modules/commander/node_modules/keypress
310 verbose linkStuff [ true,
310 verbose linkStuff   '/usr/local/lib/node_modules',
310 verbose linkStuff   false,
310 verbose linkStuff   '/usr/local/lib/node_modules/express-generator/node_modules/commander/node_modules' ]
311 info linkStuff keypress@0.1.0
312 silly gunzTarPerm extractEntry test/default_bool.js
313 silly gunzTarPerm extractEntry test/dotted.js
314 silly gunzTarPerm extractEntry test/long.js
315 silly gunzTarPerm extractEntry test/parse.js
316 silly gunzTarPerm extractEntry test/parse_modified.js
317 silly gunzTarPerm extractEntry test/short.js
318 silly gunzTarPerm extractEntry test/whitespace.js
319 verbose linkBins keypress@0.1.0
320 verbose linkMans keypress@0.1.0
321 verbose rebuildBundles keypress@0.1.0
322 info install keypress@0.1.0
323 info postinstall keypress@0.1.0
324 verbose about to build /usr/local/lib/node_modules/express-generator/node_modules/commander
325 info build /usr/local/lib/node_modules/express-generator/node_modules/commander
326 verbose linkStuff [ true,
326 verbose linkStuff   '/usr/local/lib/node_modules',
326 verbose linkStuff   false,
326 verbose linkStuff   '/usr/local/lib/node_modules/express-generator/node_modules' ]
327 info linkStuff commander@1.3.2
328 verbose linkBins commander@1.3.2
329 verbose linkMans commander@1.3.2
330 verbose rebuildBundles commander@1.3.2
331 verbose rebuildBundles [ 'keypress' ]
332 info install commander@1.3.2
333 info postinstall commander@1.3.2
334 silly lockFile deaebf17-les-mkdirp-node-modules-minimist tar:///usr/local/lib/node_modules/express-generator/node_modules/mkdirp/node_modules/minimist
335 silly lockFile deaebf17-les-mkdirp-node-modules-minimist tar:///usr/local/lib/node_modules/express-generator/node_modules/mkdirp/node_modules/minimist
336 silly lockFile 91388deb-e-npm-minimist-0-0-8-package-tgz tar:///Users/johndoe/.npm/minimist/0.0.8/package.tgz
337 silly lockFile 91388deb-e-npm-minimist-0-0-8-package-tgz tar:///Users/johndoe/.npm/minimist/0.0.8/package.tgz
338 info preinstall minimist@0.0.8
339 verbose readDependencies using package.json deps
340 verbose readDependencies using package.json deps
341 silly resolved []
342 verbose about to build /usr/local/lib/node_modules/express-generator/node_modules/mkdirp/node_modules/minimist
343 info build /usr/local/lib/node_modules/express-generator/node_modules/mkdirp/node_modules/minimist
344 verbose linkStuff [ true,
344 verbose linkStuff   '/usr/local/lib/node_modules',
344 verbose linkStuff   false,
344 verbose linkStuff   '/usr/local/lib/node_modules/express-generator/node_modules/mkdirp/node_modules' ]
345 info linkStuff minimist@0.0.8
346 verbose linkBins minimist@0.0.8
347 verbose linkMans minimist@0.0.8
348 verbose rebuildBundles minimist@0.0.8
349 info install minimist@0.0.8
350 info postinstall minimist@0.0.8
351 verbose about to build /usr/local/lib/node_modules/express-generator/node_modules/mkdirp
352 info build /usr/local/lib/node_modules/express-generator/node_modules/mkdirp
353 verbose linkStuff [ true,
353 verbose linkStuff   '/usr/local/lib/node_modules',
353 verbose linkStuff   false,
353 verbose linkStuff   '/usr/local/lib/node_modules/express-generator/node_modules' ]
354 info linkStuff mkdirp@0.5.0
355 verbose linkBins mkdirp@0.5.0
356 verbose link bins [ { mkdirp: 'bin/cmd.js' },
356 verbose link bins   '/usr/local/lib/node_modules/express-generator/node_modules/.bin',
356 verbose link bins   false ]
357 verbose linkMans mkdirp@0.5.0
358 verbose rebuildBundles mkdirp@0.5.0
359 verbose rebuildBundles [ 'minimist' ]
360 info install mkdirp@0.5.0
361 info postinstall mkdirp@0.5.0
362 verbose about to build /usr/local/lib/node_modules/express-generator
363 info build /usr/local/lib/node_modules/express-generator
364 verbose linkStuff [ true,
364 verbose linkStuff   '/usr/local/lib/node_modules',
364 verbose linkStuff   true,
364 verbose linkStuff   '/usr/local/lib/node_modules' ]
365 info linkStuff express-generator@4.9.0
366 verbose linkBins express-generator@4.9.0
367 verbose link bins [ { express: './bin/express' }, '/usr/local/bin', true ]
368 verbose linkMans express-generator@4.9.0
369 verbose rebuildBundles express-generator@4.9.0
370 verbose rebuildBundles [ '.bin', 'commander', 'mkdirp' ]
371 info install express-generator@4.9.0
372 info postinstall express-generator@4.9.0
373 warn unmet dependency /usr/local/lib/node_modules/bower/node_modules/bower-config requires graceful-fs@'~2.0.0' but will load
373 warn unmet dependency /usr/local/lib/node_modules/bower/node_modules/graceful-fs,
373 warn unmet dependency which is version 3.0.2
374 warn unmet dependency /usr/local/lib/node_modules/bower/node_modules/bower-config requires osenv@'0.0.3' but will load
374 warn unmet dependency /usr/local/lib/node_modules/bower/node_modules/osenv,
374 warn unmet dependency which is version 0.1.0
375 warn unmet dependency /usr/local/lib/node_modules/bower/node_modules/bower-json requires graceful-fs@'~2.0.0' but will load
375 warn unmet dependency /usr/local/lib/node_modules/bower/node_modules/graceful-fs,
375 warn unmet dependency which is version 3.0.2
376 warn unmet dependency /usr/local/lib/node_modules/bower/node_modules/bower-registry-client requires graceful-fs@'~2.0.0' but will load
376 warn unmet dependency /usr/local/lib/node_modules/bower/node_modules/graceful-fs,
376 warn unmet dependency which is version 3.0.2
377 warn unmet dependency /usr/local/lib/node_modules/bower/node_modules/bower-registry-client requires lru-cache@'~2.3.0' but will load
377 warn unmet dependency /usr/local/lib/node_modules/bower/node_modules/lru-cache,
377 warn unmet dependency which is version 2.5.0
378 warn unmet dependency /usr/local/lib/node_modules/bower/node_modules/bower-registry-client requires request@'~2.27.0' but will load
378 warn unmet dependency /usr/local/lib/node_modules/bower/node_modules/request,
378 warn unmet dependency which is version 2.36.0
379 warn unmet dependency /usr/local/lib/node_modules/bower/node_modules/bower-registry-client requires mkdirp@'~0.3.5' but will load
379 warn unmet dependency /usr/local/lib/node_modules/bower/node_modules/mkdirp,
379 warn unmet dependency which is version 0.5.0
380 warn unmet dependency /usr/local/lib/node_modules/bower/node_modules/inquirer requires chalk@'~0.4.0' but will load
380 warn unmet dependency /usr/local/lib/node_modules/bower/node_modules/chalk,
380 warn unmet dependency which is version 0.5.1
381 warn unmet dependency /usr/local/lib/node_modules/bower/node_modules/p-throttler requires q@'~0.9.2' but will load
381 warn unmet dependency /usr/local/lib/node_modules/bower/node_modules/q,
381 warn unmet dependency which is version 1.0.1
382 warn unmet dependency /usr/local/lib/node_modules/cordova/node_modules/cordova-lib/node_modules/dep-graph requires underscore@'1.2.1' but will load
382 warn unmet dependency /usr/local/lib/node_modules/cordova/node_modules/underscore,
382 warn unmet dependency which is version 1.4.4
383 warn unmet dependency /usr/local/lib/node_modules/cordova/node_modules/cordova-lib/node_modules/npm requires nopt@'~2.1.1' but will load
383 warn unmet dependency /usr/local/lib/node_modules/cordova/node_modules/nopt,
383 warn unmet dependency which is version 2.2.1
384 warn unmet dependency /usr/local/lib/node_modules/ember-cli/node_modules/inquirer requires chalk@'~0.4.0' but will load
384 warn unmet dependency /usr/local/lib/node_modules/ember-cli/node_modules/chalk,
384 warn unmet dependency which is version 0.5.1
385 warn unmet dependency /usr/local/lib/node_modules/ember-cli/node_modules/express/node_modules/send requires fresh@'0.2.4' but will load
385 warn unmet dependency undefined,
385 warn unmet dependency which is version undefined
386 warn unmet dependency /usr/local/lib/node_modules/ember-cli/node_modules/express/node_modules/serve-static requires parseurl@'~1.3.0' but will load
386 warn unmet dependency undefined,
386 warn unmet dependency which is version undefined
387 warn unmet dependency /usr/local/lib/node_modules/ember-cli/node_modules/express/node_modules/type-is requires media-typer@'0.3.0' but will load
387 warn unmet dependency undefined,
387 warn unmet dependency which is version undefined
388 warn unmet dependency /usr/local/lib/node_modules/ember-cli/node_modules/testem/node_modules/fileset requires minimatch@'0.x' but will load
388 warn unmet dependency /usr/local/lib/node_modules/ember-cli/node_modules/minimatch,
388 warn unmet dependency which is version 1.0.0
389 warn unmet dependency /usr/local/lib/node_modules/generator-angular/node_modules/wiredep requires chalk@'~0.1.1' but will load
389 warn unmet dependency /usr/local/lib/node_modules/generator-angular/node_modules/chalk,
389 warn unmet dependency which is version 0.4.0
390 warn unmet dependency /usr/local/lib/node_modules/generator-angular-rails-proxy/node_modules/yeoman-generator/node_modules/inquirer requires lodash@'~2.4.1' but will load
390 warn unmet dependency undefined,
390 warn unmet dependency which is version undefined
391 warn unmet dependency /usr/local/lib/node_modules/generator-angular-rails-proxy/node_modules/yeoman-generator/node_modules/inquirer requires async@'~0.2.8' but will load
391 warn unmet dependency undefined,
391 warn unmet dependency which is version undefined
392 warn unmet dependency /usr/local/lib/node_modules/generator-angular-rails-proxy/node_modules/yeoman-generator/node_modules/findup-sync requires lodash@'~2.4.1' but will load
392 warn unmet dependency undefined,
392 warn unmet dependency which is version undefined
393 warn unmet dependency /usr/local/lib/node_modules/generator-angular-rails-proxy/node_modules/yeoman-generator/node_modules/download requires mkdirp@'^0.3.5' but will load
393 warn unmet dependency undefined,
393 warn unmet dependency which is version undefined
394 warn unmet dependency /usr/local/lib/node_modules/generator-angular-rails-proxy/node_modules/yeoman-generator/node_modules/inquirer/node_modules/readline2 requires lodash@'~2.4.1' but will load
394 warn unmet dependency undefined,
394 warn unmet dependency which is version undefined
395 warn unmet dependency /usr/local/lib/node_modules/generator-angular-rails-proxy/node_modules/yeoman-generator/node_modules/download/node_modules/decompress requires mkdirp@'^0.3.5' but will load
395 warn unmet dependency undefined,
395 warn unmet dependency which is version undefined
396 warn unmet dependency /usr/local/lib/node_modules/generator-angular-rails-proxy/node_modules/yeoman-generator/node_modules/download/node_modules/decompress/node_modules/extname requires underscore.string@'~2.3.3' but will load
396 warn unmet dependency undefined,
396 warn unmet dependency which is version undefined
397 warn unmet dependency /usr/local/lib/node_modules/generator-angular-rails-proxy/node_modules/yeoman-generator/node_modules/download/node_modules/decompress/node_modules/map-key requires lodash@'^2.4.1' but will load
397 warn unmet dependency undefined,
397 warn unmet dependency which is version undefined
398 warn unmet dependency /usr/local/lib/node_modules/generator-angular-rails-proxy/node_modules/yeoman-generator/node_modules/download/node_modules/decompress/node_modules/map-key requires underscore.string@'^2.3.3' but will load
398 warn unmet dependency undefined,
398 warn unmet dependency which is version undefined
399 warn unmet dependency /usr/local/lib/node_modules/generator-angular-rails-proxy/node_modules/yeoman-generator/node_modules/download/node_modules/decompress/node_modules/tar/node_modules/fstream requires mkdirp@'0.3' but will load
399 warn unmet dependency undefined,
399 warn unmet dependency which is version undefined
400 warn unmet dependency /usr/local/lib/node_modules/generator-angularfire/node_modules/wiredep requires chalk@'~0.1.1' but will load
400 warn unmet dependency /usr/local/lib/node_modules/generator-angularfire/node_modules/chalk,
400 warn unmet dependency which is version 0.3.0
401 warn unmet dependency /usr/local/lib/node_modules/generator-angularfire/node_modules/yeoman-generator/node_modules/findup-sync requires glob@'~3.2.9' but will load
401 warn unmet dependency undefined,
401 warn unmet dependency which is version undefined
402 warn unmet dependency /usr/local/lib/node_modules/generator-angularfire/node_modules/yeoman-generator/node_modules/download requires mkdirp@'^0.3.5' but will load
402 warn unmet dependency undefined,
402 warn unmet dependency which is version undefined
403 warn unmet dependency /usr/local/lib/node_modules/generator-angularfire/node_modules/yeoman-generator/node_modules/download/node_modules/decompress requires mkdirp@'^0.3.5' but will load
403 warn unmet dependency undefined,
403 warn unmet dependency which is version undefined
404 warn unmet dependency /usr/local/lib/node_modules/generator-angularfire/node_modules/yeoman-generator/node_modules/download/node_modules/decompress requires rimraf@'^2.2.2' but will load
404 warn unmet dependency undefined,
404 warn unmet dependency which is version undefined
405 warn unmet dependency /usr/local/lib/node_modules/generator-angularfire/node_modules/yeoman-generator/node_modules/download/node_modules/decompress/node_modules/extname requires underscore.string@'~2.3.3' but will load
405 warn unmet dependency undefined,
405 warn unmet dependency which is version undefined
406 warn unmet dependency /usr/local/lib/node_modules/generator-angularfire/node_modules/yeoman-generator/node_modules/download/node_modules/decompress/node_modules/map-key requires underscore.string@'^2.3.3' but will load
406 warn unmet dependency undefined,
406 warn unmet dependency which is version undefined
407 warn unmet dependency /usr/local/lib/node_modules/generator-angularfire/node_modules/yeoman-generator/node_modules/download/node_modules/decompress/node_modules/tar/node_modules/fstream requires rimraf@'2' but will load
407 warn unmet dependency undefined,
407 warn unmet dependency which is version undefined
408 warn unmet dependency /usr/local/lib/node_modules/generator-angularfire/node_modules/yeoman-generator/node_modules/download/node_modules/request/node_modules/form-data requires mime@'~1.2.11' but will load
408 warn unmet dependency undefined,
408 warn unmet dependency which is version undefined
409 warn unmet dependency /usr/local/lib/node_modules/generator-protractor/node_modules/yeoman-generator/node_modules/download requires request@'^2.34.0' but will load
409 warn unmet dependency /usr/local/lib/node_modules/generator-protractor/node_modules/yeoman-generator/node_modules/request,
409 warn unmet dependency which is version 2.30.0
410 warn unmet dependency /usr/local/lib/node_modules/generator-protractor/node_modules/yeoman-generator/node_modules/file-utils requires lodash@'~2.1.0' but will load
410 warn unmet dependency /usr/local/lib/node_modules/generator-protractor/node_modules/yeoman-generator/node_modules/lodash,
410 warn unmet dependency which is version 2.4.1
411 warn unmet dependency /usr/local/lib/node_modules/generator-protractor/node_modules/yeoman-generator/node_modules/file-utils requires isbinaryfile@'~0.1.9' but will load
411 warn unmet dependency /usr/local/lib/node_modules/generator-protractor/node_modules/yeoman-generator/node_modules/isbinaryfile,
411 warn unmet dependency which is version 2.0.1
412 warn unmet dependency /usr/local/lib/node_modules/generator-protractor/node_modules/yeoman-generator/node_modules/download/node_modules/decompress requires nopt@'^2.2.0' but will load
412 warn unmet dependency undefined,
412 warn unmet dependency which is version undefined
413 warn unmet dependency /usr/local/lib/node_modules/karma/node_modules/connect/node_modules/send requires debug@'*' but will load
413 warn unmet dependency undefined,
413 warn unmet dependency which is version undefined
414 warn unmet dependency /usr/local/lib/node_modules/karma/node_modules/connect/node_modules/send requires fresh@'0.2.0' but will load
414 warn unmet dependency undefined,
414 warn unmet dependency which is version undefined
415 warn unmet dependency /usr/local/lib/node_modules/learnyounode/node_modules/hyperquest requires through@'~2.2.0' but will load
415 warn unmet dependency /usr/local/lib/node_modules/learnyounode/node_modules/through,
415 warn unmet dependency which is version 2.3.4
416 warn unmet dependency /usr/local/lib/node_modules/learnyounode/node_modules/through2-map requires through2@'~0.5.1' but will load
416 warn unmet dependency /usr/local/lib/node_modules/learnyounode/node_modules/through2,
416 warn unmet dependency which is version 0.4.2
417 warn unmet dependency /usr/local/lib/node_modules/sails/node_modules/prompt/node_modules/winston requires async@'0.1.x' but will load
417 warn unmet dependency /usr/local/lib/node_modules/sails/node_modules/async,
417 warn unmet dependency which is version 0.2.10
418 warn unmet dependency /usr/local/lib/node_modules/sails/node_modules/prompt/node_modules/winston requires pkginfo@'0.2.x' but will load
418 warn unmet dependency /usr/local/lib/node_modules/sails/node_modules/prompt/node_modules/pkginfo,
418 warn unmet dependency which is version 0.3.0
419 warn unmet dependency /usr/local/lib/node_modules/yo/node_modules/insight requires async@'~0.2.9' but will load
419 warn unmet dependency /usr/local/lib/node_modules/yo/node_modules/async,
419 warn unmet dependency which is version 0.9.0
420 warn unmet dependency /usr/local/lib/node_modules/yo/node_modules/insight/node_modules/inquirer requires async@'~0.2.8' but will load
420 warn unmet dependency /usr/local/lib/node_modules/yo/node_modules/async,
420 warn unmet dependency which is version 0.9.0
421 error peerinvalid The package generator-angular does not satisfy its siblings' peerDependencies requirements!
421 error peerinvalid Peer generator-angularfire@0.0.6 wants generator-angular@~0.7.1
422 error System Darwin 13.1.0
423 error command "node" "/usr/local/bin/npm" "i" "-g" "express-generator"
424 error cwd /Users/johndoe/makers/ntn-analytics
425 error node -v v0.10.26
426 error npm -v 1.4.16
427 error code EPEERINVALID
428 verbose exit [ 1, true ]
